###############################################################################
#                                                                             #
# IAR C/C++ Compiler V8.20.2.41139 for 8051             28/Oct/2019  04:35:50 #
# Copyright 2004-2013 IAR Systems AB.                                         #
#                                                                             #
#    Core               =  plain                                              #
#    Code model         =  near                                               #
#    Data model         =  large                                              #
#    Calling convention =  xdata reentrant                                    #
#    Constant location  =  data                                               #
#    Dptr setup         =  1,16                                               #
#                                                                             #
#    Source file        =  C:\Users\yves.roy\Sync\2019-08                     #
#                          247-637\LOGICIEL\S-0008\247-637 S-0006             #
#                          college\SOURCE\piloteIOT1.c                        #
#    Command line       =  "C:\Users\yves.roy\Sync\2019-08                    #
#                          247-637\LOGICIEL\S-0008\247-637 S-0006             #
#                          college\SOURCE\piloteIOT1.c" -D                    #
#                          OPTION_COMPILE_AVEC_IAR -lCN                       #
#                          "C:\Users\yves.roy\Sync\2019-08                    #
#                          247-637\LOGICIEL\S-0008\247-637 S-0006             #
#                          college\PROJET\..\SORTIE\LIST\" -lb                #
#                          "C:\Users\yves.roy\Sync\2019-08                    #
#                          247-637\LOGICIEL\S-0008\247-637 S-0006             #
#                          college\PROJET\..\SORTIE\LIST\" -o                 #
#                          "C:\Users\yves.roy\Sync\2019-08                    #
#                          247-637\LOGICIEL\S-0008\247-637 S-0006             #
#                          college\PROJET\..\SORTIE\OBJ\" -e --no_cse         #
#                          --no_unroll --no_inline --no_code_motion           #
#                          --no_tbaa --debug --core=plain --dptr=16,1         #
#                          --data_model=large --code_model=near               #
#                          --calling_convention=xdata_reentrant               #
#                          --place_constants=data --nr_virtual_regs 8         #
#                          --dlib_config "C:\Program Files (x86)\IAR          #
#                          Systems\Embedded Workbench                         #
#                          6.4\8051\LIB\DLIB\dl8051Normal.h" -On --eec++      #
#    List file          =  C:\Users\yves.roy\Sync\2019-08                     #
#                          247-637\LOGICIEL\S-0008\247-637 S-0006             #
#                          college\PROJET\..\SORTIE\LIST\piloteIOT1.lst       #
#    Object file        =  C:\Users\yves.roy\Sync\2019-08                     #
#                          247-637\LOGICIEL\S-0008\247-637 S-0006             #
#                          college\PROJET\..\SORTIE\OBJ\piloteIOT1.r51        #
#                                                                             #
#                                                                             #
###############################################################################

C:\Users\yves.roy\Sync\2019-08 247-637\LOGICIEL\S-0008\247-637 S-0006 college\SOURCE\piloteIOT1.c
      1          //piloteIOT1:
      2          //Historique: 
      3          // 2018-09-08, Yves Roy, creation
      4          
      5          //INCLUSIONS
      6          #include "main.h"

   \                                 In  segment SFR_AN, at 0xb0
   \   union <unnamed> volatile __sfr _A_P3
   \                     _A_P3:
   \   000000                DS 1
      7          #include "piloteIOT1.h"
      8          
      9          //Definitions privees
     10          //pas de définitions privees
     11          
     12          //Declarations de fonctions privees:
     13          //pas de fonction privees
     14          
     15          //Definitions de variables privees:
     16          //pas de variables privees
     17          
     18          //Definitions de fonctions privees:
     19          //pas de fonctions privees
     20          
     21          //Definitions de variables publiques:
     22          // pas de variables publiques
     23          
     24          //Definitions de fonctions publiques:

   \                                 In  segment NEAR_CODE, align 1, keep-with-next
     25          void piloteIOT1_metLaSortieA(unsigned char Valeur)
   \                     ??piloteIOT1_metLaSortieA:
     26          {
   \   000000                ; Saved register size: 0
   \   000000                ; Auto size: 0
     27            PILOTEIOT1_SORTIE = Valeur;
   \   000000   E9           MOV     A,R1
   \   000001   F8           MOV     R0,A
   \   000002   E9           MOV     A,R1
   \   000003   A2E0         MOV     C,0xE0 /* A   */.0
   \   000005   92B5         MOV     0xb0.5,C
     28          }
   \   000007   22           RET
   \   000008                REQUIRE _A_P3
     29          

   \                                 In  segment NEAR_CODE, align 1, keep-with-next
     30          void piloteIOT1_initialise(void)
   \                     ??piloteIOT1_initialise:
     31          {
   \   000000                ; Saved register size: 0
   \   000000                ; Auto size: 0
     32            PILOTEIOT1_SORTIE = 1;
   \   000000   D2B5         SETB    0xb0.5
     33          }
   \   000002   22           RET
   \   000003                REQUIRE _A_P3
     34          
     35          
     36          
     37          

   Maximum stack usage in bytes:

   ISTACK PSTACK XSTACK Function
   ------ ------ ------ --------
       0      0      0  piloteIOT1_initialise()
       0      0      0  piloteIOT1_metLaSortieA(unsigned char)


   Segment part sizes:

   Bytes  Function/Label
   -----  --------------
       1  _A_P3
       3  piloteIOT1_initialise()
       8  piloteIOT1_metLaSortieA(unsigned char)

 
 11 bytes in segment NEAR_CODE
  1 byte  in segment SFR_AN
 
 11 bytes of CODE memory
  0 bytes of DATA memory (+ 1 byte shared)

Errors: none
Warnings: none
