###############################################################################
#                                                                             #
# IAR C/C++ Compiler V8.20.2.41139 for 8051             28/Oct/2019  04:35:50 #
# Copyright 2004-2013 IAR Systems AB.                                         #
#                                                                             #
#    Core               =  plain                                              #
#    Code model         =  near                                               #
#    Data model         =  large                                              #
#    Calling convention =  xdata reentrant                                    #
#    Constant location  =  data                                               #
#    Dptr setup         =  1,16                                               #
#                                                                             #
#    Source file        =  C:\Users\yves.roy\Sync\2019-08                     #
#                          247-637\LOGICIEL\S-0008\247-637 S-0006             #
#                          college\SOURCE\piloteUART0.c                       #
#    Command line       =  "C:\Users\yves.roy\Sync\2019-08                    #
#                          247-637\LOGICIEL\S-0008\247-637 S-0006             #
#                          college\SOURCE\piloteUART0.c" -D                   #
#                          OPTION_COMPILE_AVEC_IAR -lCN                       #
#                          "C:\Users\yves.roy\Sync\2019-08                    #
#                          247-637\LOGICIEL\S-0008\247-637 S-0006             #
#                          college\PROJET\..\SORTIE\LIST\" -lb                #
#                          "C:\Users\yves.roy\Sync\2019-08                    #
#                          247-637\LOGICIEL\S-0008\247-637 S-0006             #
#                          college\PROJET\..\SORTIE\LIST\" -o                 #
#                          "C:\Users\yves.roy\Sync\2019-08                    #
#                          247-637\LOGICIEL\S-0008\247-637 S-0006             #
#                          college\PROJET\..\SORTIE\OBJ\" -e --no_cse         #
#                          --no_unroll --no_inline --no_code_motion           #
#                          --no_tbaa --debug --core=plain --dptr=16,1         #
#                          --data_model=large --code_model=near               #
#                          --calling_convention=xdata_reentrant               #
#                          --place_constants=data --nr_virtual_regs 8         #
#                          --dlib_config "C:\Program Files (x86)\IAR          #
#                          Systems\Embedded Workbench                         #
#                          6.4\8051\LIB\DLIB\dl8051Normal.h" -On --eec++      #
#    List file          =  C:\Users\yves.roy\Sync\2019-08                     #
#                          247-637\LOGICIEL\S-0008\247-637 S-0006             #
#                          college\PROJET\..\SORTIE\LIST\piloteUART0.lst      #
#    Object file        =  C:\Users\yves.roy\Sync\2019-08                     #
#                          247-637\LOGICIEL\S-0008\247-637 S-0006             #
#                          college\PROJET\..\SORTIE\OBJ\piloteUART0.r51       #
#                                                                             #
#                                                                             #
###############################################################################

C:\Users\yves.roy\Sync\2019-08 247-637\LOGICIEL\S-0008\247-637 S-0006 college\SOURCE\piloteUART0.c
      1          //piloteUART0:
      2          //Historique: 
      3          // 2018-09-08, Yves Roy, creation
      4          
      5          //INCLUSIONS
      6          #include "main.h"

   \                                 In  segment SFR_AN, at 0x99
   \   unsigned char volatile __sfr SBUF0
   \                     SBUF0:
   \   000000                DS 1

   \                                 In  segment SFR_AN, at 0x98
   \   union <unnamed> volatile __sfr _A_SCON0
   \                     _A_SCON0:
   \   000000                DS 1

   \                                 In  segment SFR_AN, at 0x87
   \   union <unnamed> volatile __sfr _A_PCON
   \                     _A_PCON:
   \   000000                DS 1
      7          #include "piloteUART0.h"
      8          
      9          //Definitions privees
     10          //pas de definitions privees
     11          
     12          //Declarations de fonctions privees:
     13          //pas de fonctions privees
     14          
     15          //Definitions de variables privees:
     16          //pas de variables privees
     17          
     18          //Definitions de fonctions privees:
     19          //pas de fonctions privees
     20          
     21          //Definitions de variables publiques:
     22          // pas de variables publiques
     23          
     24          //Definitions de fonctions publiques:
     25          // pas de definitions publiques
     26          
     27          //Fonctions publiques:

   \                                 In  segment NEAR_CODE, align 1, keep-with-next
     28          unsigned char piloteUART0_octetDisponible(void)
   \                     ??piloteUART0_octetDisponible:
     29          {
   \   000000                ; Saved register size: 0
   \   000000                ; Auto size: 0
     30            return SCON0_bit.RI_0;
   \   000000   A298         MOV     C,0x98.0
   \   000002   E4           CLR     A
   \   000003   33           RLC     A
   \   000004   F9           MOV     R1,A
   \   000005   22           RET
   \   000006                REQUIRE _A_SCON0
     31          }
     32          

   \                                 In  segment NEAR_CODE, align 1, keep-with-next
     33          unsigned char piloteUART0_octetTransmis(void)
   \                     ??piloteUART0_octetTransmis:
     34          {
   \   000000                ; Saved register size: 0
   \   000000                ; Auto size: 0
     35            return SCON0_bit.TI_0;
   \   000000   A299         MOV     C,0x98.1
   \   000002   E4           CLR     A
   \   000003   33           RLC     A
   \   000004   F9           MOV     R1,A
   \   000005   22           RET
   \   000006                REQUIRE _A_SCON0
     36          }
     37          

   \                                 In  segment NEAR_CODE, align 1, keep-with-next
     38          unsigned char piloteUART0_litUnOctetRecu(void)
   \                     ??piloteUART0_litUnOctetRecu:
     39          {
   \   000000                ; Saved register size: 0
   \   000000                ; Auto size: 0
     40            return SBUF0;
   \   000000   E599         MOV     A,0x99
   \   000002   F9           MOV     R1,A
   \   000003   22           RET
   \   000004                REQUIRE SBUF0
     41          }

   \                                 In  segment NEAR_CODE, align 1, keep-with-next
     42          void piloteUART0_transmet(unsigned char Octet)
   \                     ??piloteUART0_transmet:
     43          {
   \   000000                ; Saved register size: 0
   \   000000                ; Auto size: 0
     44            SBUF0 = Octet;
   \   000000   8999         MOV     0x99,R1
     45          }
   \   000002   22           RET
   \   000003                REQUIRE SBUF0
     46          

   \                                 In  segment NEAR_CODE, align 1, keep-with-next
     47          void piloteUART0_confirmeLaReception(void)
   \                     ??piloteUART0_confirmeLaReception:
     48          {
   \   000000                ; Saved register size: 0
   \   000000                ; Auto size: 0
     49            SCON0_bit.RI_0 = 0;
   \   000000   C298         CLR     0x98.0
     50          }
   \   000002   22           RET
   \   000003                REQUIRE _A_SCON0
     51          

   \                                 In  segment NEAR_CODE, align 1, keep-with-next
     52          void piloteUART0_confirmeLaFinDeTransmission(void)
   \                     ??piloteUART0_confirmeLaFinDeTransmission:
     53          {
   \   000000                ; Saved register size: 0
   \   000000                ; Auto size: 0
     54            SCON0_bit.TI_0 = 0;  
   \   000000   C299         CLR     0x98.1
     55          }
   \   000002   22           RET
   \   000003                REQUIRE _A_SCON0
     56          

   \                                 In  segment NEAR_CODE, align 1, keep-with-next
     57          void piloteUART0_initialise(void)
   \                     ??piloteUART0_initialise:
     58          {
   \   000000                ; Saved register size: 0
   \   000000                ; Auto size: 0
     59            PCON_bit.SMOD0 = 0;
   \   000000   5387BF       ANL     0x87,#0xbf
     60            PCON_bit.SMOD_0 = PILOTETIMER1MODE2_UTILISE_LE_DOUBLEUR_DE_TAUX;
   \   000003   438780       ORL     0x87,#0x80
     61            SCON0_bit.SM0_FE_0 = 0;
   \   000006   C29F         CLR     0x98.7
     62            SCON0_bit.SM1_0 = 1;
   \   000008   D29E         SETB    0x98.6
     63            SCON0_bit.SM2_0 = 1;
   \   00000A   D29D         SETB    0x98.5
     64            SCON0_bit.REN_0 = 1;
   \   00000C   D29C         SETB    0x98.4
     65            SCON0_bit.TI_0 = 0;
   \   00000E   C299         CLR     0x98.1
     66            SCON0_bit.RI_0 = 0;
   \   000010   C298         CLR     0x98.0
     67          }
   \   000012   22           RET
   \   000013                REQUIRE _A_PCON
   \   000013                REQUIRE _A_SCON0
     68          
     69          
     70          

   Maximum stack usage in bytes:

   ISTACK PSTACK XSTACK Function
   ------ ------ ------ --------
       0      0      0  piloteUART0_confirmeLaFinDeTransmission()
       0      0      0  piloteUART0_confirmeLaReception()
       0      0      0  piloteUART0_initialise()
       0      0      0  piloteUART0_litUnOctetRecu()
       0      0      0  piloteUART0_octetDisponible()
       0      0      0  piloteUART0_octetTransmis()
       0      0      0  piloteUART0_transmet(unsigned char)


   Segment part sizes:

   Bytes  Function/Label
   -----  --------------
       1  SBUF0
       1  _A_PCON
       1  _A_SCON0
       3  piloteUART0_confirmeLaFinDeTransmission()
       3  piloteUART0_confirmeLaReception()
      19  piloteUART0_initialise()
       4  piloteUART0_litUnOctetRecu()
       6  piloteUART0_octetDisponible()
       6  piloteUART0_octetTransmis()
       3  piloteUART0_transmet(unsigned char)

 
 44 bytes in segment NEAR_CODE
  3 bytes in segment SFR_AN
 
 44 bytes of CODE memory
  0 bytes of DATA memory (+ 3 bytes shared)

Errors: none
Warnings: none
